Traceback (most recent call last):
  File "C:\Users\sangouda\AppData\Local\Programs\Python\Python312\Lib\site-packages\jupyter_cache\executors\utils.py", line 58, in single_nb_execution
    executenb(
  File "C:\Users\sangouda\AppData\Local\Programs\Python\Python312\Lib\site-packages\nbclient\client.py", line 1204, in execute
    return NotebookClient(nb=nb, resources=resources, km=km, **kwargs).execute()
           ^^^^^^^^^^^^^^^^^^^^^^^^^^^^^^^^^^^^^^^^^^^^^^^^^^^^^^^^^^^^^^^^^^^^^
  File "C:\Users\sangouda\AppData\Local\Programs\Python\Python312\Lib\site-packages\nbclient\util.py", line 84, in wrapped
    return just_run(coro(*args, **kwargs))
           ^^^^^^^^^^^^^^^^^^^^^^^^^^^^^^^
  File "C:\Users\sangouda\AppData\Local\Programs\Python\Python312\Lib\site-packages\nbclient\util.py", line 62, in just_run
    return loop.run_until_complete(coro)
           ^^^^^^^^^^^^^^^^^^^^^^^^^^^^^
  File "C:\Users\sangouda\AppData\Local\Programs\Python\Python312\Lib\asyncio\base_events.py", line 664, in run_until_complete
    return future.result()
           ^^^^^^^^^^^^^^^
  File "C:\Users\sangouda\AppData\Local\Programs\Python\Python312\Lib\site-packages\nbclient\client.py", line 663, in async_execute
    await self.async_execute_cell(
  File "C:\Users\sangouda\AppData\Local\Programs\Python\Python312\Lib\site-packages\nbclient\client.py", line 965, in async_execute_cell
    await self._check_raise_for_error(cell, cell_index, exec_reply)
  File "C:\Users\sangouda\AppData\Local\Programs\Python\Python312\Lib\site-packages\nbclient\client.py", line 862, in _check_raise_for_error
    raise CellExecutionError.from_cell_and_msg(cell, exec_reply_content)
nbclient.exceptions.CellExecutionError: An error occurred while executing the following cell:
------------------

# Install required libraries
# !pip install textblob pyspellchecker

from textblob import TextBlob
from spellchecker import SpellChecker

# Sample text with spelling mistakes
text = "I loove piza and NLP is amaizing"

print("Original Text:")
print(text)

# 1ï¸âƒ£ Using TextBlob
corrected_text_blob = str(TextBlob(text).correct())
print("\nCorrected Text using TextBlob:")
print(corrected_text_blob)

# 2ï¸âƒ£ Using pyspellchecker
spell = SpellChecker()
words = text.split()
corrected_words = [spell.correction(word) for word in words]
corrected_text_spellchecker = " ".join(corrected_words)
print("\nCorrected Text using pyspellchecker:")
print(corrected_text_spellchecker)

------------------

[31m---------------------------------------------------------------------------[39m
[31mModuleNotFoundError[39m                       Traceback (most recent call last)
[36mCell[39m[36m [39m[32mIn[1][39m[32m, line 5[39m
[32m      1[39m [38;5;66;03m# Install required libraries[39;00m
[32m      2[39m [38;5;66;03m# !pip install textblob pyspellchecker[39;00m
[32m      4[39m [38;5;28;01mfrom[39;00m[38;5;250m [39m[34;01mtextblob[39;00m[38;5;250m [39m[38;5;28;01mimport[39;00m TextBlob
[32m----> [39m[32m5[39m [38;5;28;01mfrom[39;00m[38;5;250m [39m[34;01mspellchecker[39;00m[38;5;250m [39m[38;5;28;01mimport[39;00m SpellChecker
[32m      7[39m [38;5;66;03m# Sample text with spelling mistakes[39;00m
[32m      8[39m text = [33m"[39m[33mI loove piza and NLP is amaizing[39m[33m"[39m

[31mModuleNotFoundError[39m: No module named 'spellchecker'
ModuleNotFoundError: No module named 'spellchecker'

